[2020-12-25 17:00:13,688] multiqc                                            [DEBUG  ]  No MultiQC config found: /projects/mx82/fyan0011/conda_env/rnasik-1.5.4/lib/python3.6/site-packages/multiqc_config.yaml
[2020-12-25 17:00:13,688] multiqc                                            [DEBUG  ]  No MultiQC config found: /home/fyan0011/.multiqc_config.yaml
[2020-12-25 17:00:13,689] multiqc                                            [DEBUG  ]  No MultiQC config found: multiqc_config.yaml
[2020-12-25 17:00:13,689] multiqc                                            [DEBUG  ]  Command used: /home/fyan0011/mx82/fyan0011/conda_env/rnasik-1.5.4/bin/multiqc -f .
[2020-12-25 17:00:15,833] multiqc                                            [WARNING]  MultiQC Version v1.9 now available!
[2020-12-25 17:00:15,833] multiqc                                            [INFO   ]  This is MultiQC v1.7
[2020-12-25 17:00:15,833] multiqc                                            [DEBUG  ]  Command     : /home/fyan0011/mx82/fyan0011/conda_env/rnasik-1.5.4/bin/multiqc -f .
[2020-12-25 17:00:15,833] multiqc                                            [DEBUG  ]  Working dir : /fs03/ls25/feng.yan/Lmo2_ChIP/chip_nf/work/95/199448a0167ef291a937cd0390565c
[2020-12-25 17:00:15,833] multiqc                                            [INFO   ]  Template    : default
[2020-12-25 17:00:15,833] multiqc                                            [INFO   ]  Searching '.'
[2020-12-25 17:00:15,834] multiqc                                            [DEBUG  ]  Analysing modules: custom_content, conpair, peddy, methylQA, phantompeakqualtools, qualimap, preseq, quast, qorts, rna_seqc, rsem, rseqc, busco, goleft_indexcov, disambiguate, supernova, deeptools, sargasso, verifybamid, mirtrace, happy, homer, macs2, theta2, snpeff, gatk, htseq, bcftools, featureCounts, dedup, damageprofiler, picard, prokka, samblaster, samtools, bamtools, jellyfish, vcftools, longranger, stacks, bbmap, bismark, biscuit, hicexplorer, hicup, hicpro, salmon, kallisto, slamdunk, star, hisat2, tophat, bowtie2, bowtie1, kat, leehom, adapterRemoval, clipandmerge, cutadapt, flexbar, trimmomatic, skewer, sortmerna, biobloomtools, fastq_screen, afterqc, fastp, fastqc, minionqc, clusterflow, bcl2fastq, interop, flash
[2020-12-25 17:00:15,834] multiqc                                            [DEBUG  ]  Using temporary directory for creating report: /tmp/tmpabcouh6d
[2020-12-25 17:00:23,855] multiqc                                            [DEBUG  ]  Ignoring file as matched an ignore pattern: test_R1_fastqc.html
[2020-12-25 17:00:26,620] multiqc                                            [DEBUG  ]  No samples found: custom_content
[2020-12-25 17:00:26,649] multiqc                                            [DEBUG  ]  No samples found: conpair
[2020-12-25 17:00:26,702] multiqc                                            [DEBUG  ]  No samples found: peddy
[2020-12-25 17:00:26,721] multiqc                                            [DEBUG  ]  No samples found: methylQA
[2020-12-25 17:00:26,743] multiqc                                            [DEBUG  ]  No samples found: phantompeakqualtools
[2020-12-25 17:00:26,762] multiqc                                            [DEBUG  ]  No samples found: qualimap
[2020-12-25 17:00:26,787] multiqc                                            [DEBUG  ]  No samples found: preseq
[2020-12-25 17:00:26,814] multiqc                                            [DEBUG  ]  No samples found: quast
[2020-12-25 17:00:26,843] multiqc                                            [DEBUG  ]  No samples found: qorts
[2020-12-25 17:00:26,849] multiqc                                            [DEBUG  ]  No samples found: rna_seqc
[2020-12-25 17:00:26,895] multiqc                                            [DEBUG  ]  No samples found: rsem
[2020-12-25 17:00:26,963] multiqc                                            [DEBUG  ]  No samples found: rseqc
[2020-12-25 17:00:26,983] multiqc                                            [DEBUG  ]  No samples found: busco
[2020-12-25 17:00:26,989] multiqc                                            [DEBUG  ]  No samples found: goleft_indexcov
[2020-12-25 17:00:27,005] multiqc                                            [DEBUG  ]  No samples found: disambiguate
[2020-12-25 17:00:27,046] multiqc                                            [DEBUG  ]  No samples found: supernova
[2020-12-25 17:00:27,090] multiqc                                            [DEBUG  ]  No samples found: deeptools
[2020-12-25 17:00:27,109] multiqc                                            [DEBUG  ]  No samples found: sargasso
[2020-12-25 17:00:27,145] multiqc                                            [DEBUG  ]  No samples found: verifybamid
[2020-12-25 17:00:27,179] multiqc                                            [DEBUG  ]  No samples found: mirtrace
[2020-12-25 17:00:27,197] multiqc                                            [DEBUG  ]  No samples found: happy
[2020-12-25 17:00:27,219] multiqc                                            [DEBUG  ]  No samples found: homer
[2020-12-25 17:00:27,225] multiqc                                            [DEBUG  ]  No samples found: macs2
[2020-12-25 17:00:27,231] multiqc                                            [DEBUG  ]  No samples found: theta2
[2020-12-25 17:00:27,237] multiqc                                            [DEBUG  ]  No samples found: snpeff
[2020-12-25 17:00:27,283] multiqc                                            [DEBUG  ]  No samples found: gatk
[2020-12-25 17:00:27,313] multiqc                                            [DEBUG  ]  No samples found: htseq
[2020-12-25 17:00:27,339] multiqc                                            [DEBUG  ]  No samples found: bcftools
[2020-12-25 17:00:27,355] multiqc                                            [DEBUG  ]  No samples found: featureCounts
[2020-12-25 17:00:27,381] multiqc                                            [DEBUG  ]  No samples found: dedup
[2020-12-25 17:00:27,403] multiqc                                            [DEBUG  ]  No samples found: damageprofiler
[2020-12-25 17:00:27,494] multiqc.modules.picard.picard                      [INFO   ]  Found 1 AlignmentSummaryMetrics reports
[2020-12-25 17:00:27,496] multiqc.modules.picard.picard                      [INFO   ]  Found 1 MarkDuplicates reports
[2020-12-25 17:00:27,514] multiqc                                            [DEBUG  ]  No samples found: prokka
[2020-12-25 17:00:27,526] multiqc                                            [DEBUG  ]  No samples found: samblaster
[2020-12-25 17:00:27,574] multiqc.modules.samtools.samtools                  [INFO   ]  Found 2 flagstat reports
[2020-12-25 17:00:27,579] multiqc.modules.samtools.samtools                  [INFO   ]  Found 1 idxstats reports
[2020-12-25 17:00:27,599] multiqc                                            [DEBUG  ]  No samples found: bamtools
[2020-12-25 17:00:27,616] multiqc                                            [DEBUG  ]  No samples found: jellyfish
[2020-12-25 17:00:27,661] multiqc                                            [DEBUG  ]  No samples found: vcftools
[2020-12-25 17:00:27,670] multiqc                                            [DEBUG  ]  No samples found: longranger
[2020-12-25 17:00:27,693] multiqc                                            [DEBUG  ]  No samples found: stacks
[2020-12-25 17:00:27,830] multiqc                                            [DEBUG  ]  No samples found: bbmap
[2020-12-25 17:00:27,868] multiqc                                            [DEBUG  ]  No samples found: bismark
[2020-12-25 17:00:27,896] multiqc                                            [DEBUG  ]  No samples found: biscuit
[2020-12-25 17:00:27,916] multiqc                                            [DEBUG  ]  No samples found: hicexplorer
[2020-12-25 17:00:27,924] multiqc                                            [DEBUG  ]  No samples found: hicup
[2020-12-25 17:00:27,930] multiqc                                            [DEBUG  ]  No samples found: hicpro
[2020-12-25 17:00:27,937] multiqc                                            [DEBUG  ]  No samples found: salmon
[2020-12-25 17:00:27,949] multiqc                                            [DEBUG  ]  No samples found: kallisto
[2020-12-25 17:00:27,965] multiqc                                            [DEBUG  ]  No samples found: slamdunk
[2020-12-25 17:00:27,989] multiqc                                            [DEBUG  ]  No samples found: star
[2020-12-25 17:00:28,016] multiqc                                            [DEBUG  ]  No samples found: hisat2
[2020-12-25 17:00:28,021] multiqc                                            [DEBUG  ]  No samples found: tophat
[2020-12-25 17:00:28,041] multiqc                                            [DEBUG  ]  No samples found: bowtie2
[2020-12-25 17:00:28,049] multiqc                                            [DEBUG  ]  No samples found: bowtie1
[2020-12-25 17:00:28,055] multiqc                                            [DEBUG  ]  No samples found: kat
[2020-12-25 17:00:28,073] multiqc                                            [DEBUG  ]  No samples found: leehom
[2020-12-25 17:00:28,078] multiqc                                            [DEBUG  ]  No samples found: adapterRemoval
[2020-12-25 17:00:28,089] multiqc                                            [DEBUG  ]  No samples found: clipandmerge
[2020-12-25 17:00:28,111] multiqc                                            [DEBUG  ]  No samples found: cutadapt
[2020-12-25 17:00:28,117] multiqc                                            [DEBUG  ]  No samples found: flexbar
[2020-12-25 17:00:28,137] multiqc                                            [DEBUG  ]  No samples found: trimmomatic
[2020-12-25 17:00:28,152] multiqc                                            [DEBUG  ]  No samples found: skewer
[2020-12-25 17:00:28,167] multiqc                                            [DEBUG  ]  No samples found: sortmerna
[2020-12-25 17:00:28,173] multiqc                                            [DEBUG  ]  No samples found: biobloomtools
[2020-12-25 17:00:28,179] multiqc                                            [DEBUG  ]  No samples found: fastq_screen
[2020-12-25 17:00:28,192] multiqc                                            [DEBUG  ]  No samples found: afterqc
[2020-12-25 17:00:28,200] multiqc                                            [DEBUG  ]  No samples found: fastp
[2020-12-25 17:00:28,241] multiqc.modules.fastqc.fastqc                      [INFO   ]  Found 1 reports
[2020-12-25 17:00:28,292] multiqc                                            [DEBUG  ]  No samples found: minionqc
[2020-12-25 17:00:28,302] multiqc                                            [DEBUG  ]  No samples found: clusterflow
[2020-12-25 17:00:28,313] multiqc                                            [DEBUG  ]  No samples found: bcl2fastq
[2020-12-25 17:00:28,338] multiqc                                            [DEBUG  ]  No samples found: interop
[2020-12-25 17:00:28,355] multiqc                                            [DEBUG  ]  No samples found: flash
[2020-12-25 17:00:28,360] multiqc                                            [INFO   ]  Compressing plot data
[2020-12-25 17:00:28,387] multiqc                                            [INFO   ]  Report      : multiqc_report.html
[2020-12-25 17:00:28,387] multiqc                                            [INFO   ]  Data        : multiqc_data
[2020-12-25 17:00:28,388] multiqc                                            [DEBUG  ]  Moving data file from '/tmp/tmpabcouh6d/multiqc_data/multiqc_samtools_flagstat.txt' to '/fs03/ls25/feng.yan/Lmo2_ChIP/chip_nf/work/95/199448a0167ef291a937cd0390565c/multiqc_data'
[2020-12-25 17:00:28,392] multiqc                                            [DEBUG  ]  Moving data file from '/tmp/tmpabcouh6d/multiqc_data/multiqc_sources.txt' to '/fs03/ls25/feng.yan/Lmo2_ChIP/chip_nf/work/95/199448a0167ef291a937cd0390565c/multiqc_data'
[2020-12-25 17:00:30,091] multiqc                                            [DEBUG  ]  Moving data file from '/tmp/tmpabcouh6d/multiqc_data/multiqc_samtools_idxstats.txt' to '/fs03/ls25/feng.yan/Lmo2_ChIP/chip_nf/work/95/199448a0167ef291a937cd0390565c/multiqc_data'
[2020-12-25 17:00:30,093] multiqc                                            [DEBUG  ]  Moving data file from '/tmp/tmpabcouh6d/multiqc_data/multiqc_picard_AlignmentSummaryMetrics.txt' to '/fs03/ls25/feng.yan/Lmo2_ChIP/chip_nf/work/95/199448a0167ef291a937cd0390565c/multiqc_data'
[2020-12-25 17:00:30,096] multiqc                                            [DEBUG  ]  Moving data file from '/tmp/tmpabcouh6d/multiqc_data/multiqc_general_stats.txt' to '/fs03/ls25/feng.yan/Lmo2_ChIP/chip_nf/work/95/199448a0167ef291a937cd0390565c/multiqc_data'
[2020-12-25 17:00:30,098] multiqc                                            [DEBUG  ]  Moving data file from '/tmp/tmpabcouh6d/multiqc_data/multiqc_fastqc.txt' to '/fs03/ls25/feng.yan/Lmo2_ChIP/chip_nf/work/95/199448a0167ef291a937cd0390565c/multiqc_data'
[2020-12-25 17:00:30,100] multiqc                                            [DEBUG  ]  Moving data file from '/tmp/tmpabcouh6d/multiqc_data/multiqc_data.json' to '/fs03/ls25/feng.yan/Lmo2_ChIP/chip_nf/work/95/199448a0167ef291a937cd0390565c/multiqc_data'
[2020-12-25 17:00:30,103] multiqc                                            [DEBUG  ]  Moving data file from '/tmp/tmpabcouh6d/multiqc_data/multiqc_picard_dups.txt' to '/fs03/ls25/feng.yan/Lmo2_ChIP/chip_nf/work/95/199448a0167ef291a937cd0390565c/multiqc_data'
[2020-12-25 17:00:30,666] multiqc                                            [INFO   ]  MultiQC complete
